[2016-10-09 19-40-01] Symfony\Component\Console\Exception\RuntimeException: Not enough arguments (missing: "name"). in C:\wamp64\www\symfony_try\vendor\symfony\symfony\src\Symfony\Component\Console\Input\Input.php:83  @  CLI: bin/console doctrine:generate:entities  @@  exception--2016-10-09--19-40--1df4c22f8b.html
[2016-10-09 19-41-38] Symfony\Component\Console\Exception\RuntimeException: Not enough arguments (missing: "name"). in C:\wamp64\www\symfony_try\vendor\symfony\symfony\src\Symfony\Component\Console\Input\Input.php:83  @  CLI: bin/console doctrine:generate:entities  @@  exception--2016-10-09--19-40--1df4c22f8b.html
[2016-10-09 19-41-53] RuntimeException: Namespace "hssbls" does not contain any mapped entities. in C:\wamp64\www\symfony_try\vendor\doctrine\doctrine-bundle\Mapping\DisconnectedMetadataFactory.php:103  @  CLI: bin/console doctrine:generate:entities hssbls  @@  exception--2016-10-09--19-41--2a63509cf0.html
[2016-10-09 19-42-07] RuntimeException: Namespace "Model" does not contain any mapped entities. in C:\wamp64\www\symfony_try\vendor\doctrine\doctrine-bundle\Mapping\DisconnectedMetadataFactory.php:103  @  CLI: bin/console doctrine:generate:entities Model  @@  exception--2016-10-09--19-42--e57e135ebc.html
[2016-10-09 19-43-18] RuntimeException: Namespace "AppBundle\Model\Entity" does not contain any mapped entities. in C:\wamp64\www\symfony_try\vendor\doctrine\doctrine-bundle\Mapping\DisconnectedMetadataFactory.php:103  @  CLI: bin/console doctrine:generate:entities AppBundle\Model\Entity  @@  exception--2016-10-09--19-43--e7e4d744e1.html
[2016-10-09 19-47-30] RuntimeException: Namespace "AppBundle\Model\Entity" does not contain any mapped entities. in C:\wamp64\www\symfony_try\vendor\doctrine\doctrine-bundle\Mapping\DisconnectedMetadataFactory.php:103  @  CLI: bin/console doctrine:generate:entities AppBundle\Model\Entity  @@  exception--2016-10-09--19-43--e7e4d744e1.html
[2016-10-09 19-51-22] Symfony\Component\Console\Exception\RuntimeException: Not enough arguments (missing: "name"). in C:\wamp64\www\symfony_try\vendor\symfony\symfony\src\Symfony\Component\Console\Input\Input.php:83  @  CLI: bin/console generate:doctrine:entities  @@  exception--2016-10-09--19-40--1df4c22f8b.html
[2016-10-09 19-51-47] RuntimeException: Namespace "AppBundle\Model\Entity" does not contain any mapped entities. in C:\wamp64\www\symfony_try\vendor\doctrine\doctrine-bundle\Mapping\DisconnectedMetadataFactory.php:103  @  CLI: bin/console generate:doctrine:entities AppBundle\Model\Entity  @@  exception--2016-10-09--19-43--e7e4d744e1.html
[2016-10-09 19-55-16] RuntimeException: Bundle "AppBundle" does not contain any mapped entities. in C:\wamp64\www\symfony_try\vendor\doctrine\doctrine-bundle\Mapping\DisconnectedMetadataFactory.php:56  @  CLI: bin/console generate:doctrine:entities AppBundle  @@  exception--2016-10-09--19-55--105faef06a.html
[2016-10-09 19-56-05] RuntimeException: Bundle "AppBundle" does not contain any mapped entities. in C:\wamp64\www\symfony_try\vendor\doctrine\doctrine-bundle\Mapping\DisconnectedMetadataFactory.php:56  @  CLI: bin/console generate:doctrine:entities AppBundle  @@  exception--2016-10-09--19-55--105faef06a.html
[2016-10-09 19-56-42] RuntimeException: Bundle "AppBundle" does not contain any mapped entities. in C:\wamp64\www\symfony_try\vendor\doctrine\doctrine-bundle\Mapping\DisconnectedMetadataFactory.php:56  @  CLI: bin/console generate:doctrine:entities AppBundle  @@  exception--2016-10-09--19-55--105faef06a.html
[2016-10-09 20-05-39] Symfony\Component\Console\Exception\RuntimeException: Not enough arguments (missing: "name"). in C:\wamp64\www\symfony_try\vendor\symfony\symfony\src\Symfony\Component\Console\Input\Input.php:83  @  CLI: bin/console doctrine:generate:entities  @@  exception--2016-10-09--19-40--1df4c22f8b.html
[2016-10-09 20-05-47] RuntimeException: Bundle "AppBundle" does not contain any mapped entities. in C:\wamp64\www\symfony_try\vendor\doctrine\doctrine-bundle\Mapping\DisconnectedMetadataFactory.php:56  @  CLI: bin/console doctrine:generate:entities AppBundle  @@  exception--2016-10-09--19-55--105faef06a.html
[2016-10-09 20-26-24] RuntimeException: Bundle "AppBundle" does not contain any mapped entities. in C:\wamp64\www\symfony_try\vendor\doctrine\doctrine-bundle\Mapping\DisconnectedMetadataFactory.php:56  @  CLI: bin/console generate:doctrine:entities AppBundle  @@  exception--2016-10-09--19-55--105faef06a.html
[2016-10-09 20-27-23] Symfony\Component\Console\Exception\RuntimeException: Not enough arguments (missing: "name"). in C:\wamp64\www\symfony_try\vendor\symfony\symfony\src\Symfony\Component\Console\Input\Input.php:83  @  CLI: bin/console doctrine:generate:entities  @@  exception--2016-10-09--19-40--1df4c22f8b.html
[2016-10-09 20-27-29] RuntimeException: Bundle "AppBundle" does not contain any mapped entities. in C:\wamp64\www\symfony_try\vendor\doctrine\doctrine-bundle\Mapping\DisconnectedMetadataFactory.php:56  @  CLI: bin/console doctrine:generate:entities AppBundle  @@  exception--2016-10-09--19-55--105faef06a.html
[2016-10-09 20-27-53] RuntimeException: Bundle "AppBundle" does not contain any mapped entities. in C:\wamp64\www\symfony_try\vendor\doctrine\doctrine-bundle\Mapping\DisconnectedMetadataFactory.php:56  @  CLI: bin/console doctrine:generate:entities AppBundle  @@  exception--2016-10-09--19-55--105faef06a.html
[2016-10-09 20-43-26] Symfony\Component\Console\Exception\RuntimeException: Not enough arguments (missing: "name"). in C:\wamp64\www\symfony_try\vendor\symfony\symfony\src\Symfony\Component\Console\Input\Input.php:83  @  CLI: bin/console doctrine:generate:entities  @@  exception--2016-10-09--19-40--1df4c22f8b.html
[2016-10-12 22-50-50] Symfony\Component\Console\Exception\RuntimeException: Not enough arguments (missing: "name"). in C:\wamp64\www\symfony_try\vendor\symfony\symfony\src\Symfony\Component\Console\Input\Input.php:83  @  CLI: bin/console doctrine:generate:entities  @@  exception--2016-10-09--19-40--1df4c22f8b.html
[2016-10-12 22-51-03] Doctrine\Common\Annotations\AnnotationException: [Syntax Error] Expected PlainValue, got ''' at position 91 in property AppBundle\Entity\Rubric::$id. in C:\wamp64\www\symfony_try\vendor\doctrine\annotations\lib\Doctrine\Common\Annotations\AnnotationException.php:42  @  CLI: bin/console doctrine:generate:entities AppBundle\Entity  @@  exception--2016-10-12--22-51--7ba898be6b.html
[2016-10-12 22-51-32] Doctrine\Common\Annotations\AnnotationException: [Syntax Error] Expected Doctrine\Common\Annotations\DocLexer::T_CLOSE_PARENTHESIS, got 'nullable' at position 52 in property AppBundle\Entity\Rubric::$description. in C:\wamp64\www\symfony_try\vendor\doctrine\annotations\lib\Doctrine\Common\Annotations\AnnotationException.php:42  @  CLI: bin/console doctrine:generate:entities AppBundle\Entity  @@  exception--2016-10-12--22-51--f7b1b600e5.html
[2016-10-12 22-51-47] Doctrine\Common\Annotations\AnnotationException: [Type Error] Attribute "nullable" of @ORM\Column declared on property AppBundle\Entity\Rubric::$description expects a(n) boolean, but got string. in C:\wamp64\www\symfony_try\vendor\doctrine\annotations\lib\Doctrine\Common\Annotations\AnnotationException.php:83  @  CLI: bin/console doctrine:generate:entities AppBundle\Entity  @@  exception--2016-10-12--22-51--1c48513e00.html
[2016-10-12 22-53-23] Doctrine\Common\Annotations\AnnotationException: [Type Error] Attribute "nullable" of @ORM\Column declared on property AppBundle\Entity\Rubric::$description expects a(n) boolean, but got string. in C:\wamp64\www\symfony_try\vendor\doctrine\annotations\lib\Doctrine\Common\Annotations\AnnotationException.php:83  @  CLI: bin/console doctrine:generate:entities AppBundle\Entity  @@  exception--2016-10-12--22-51--1c48513e00.html
[2016-10-18 23-32-54] Symfony\Component\Console\Exception\RuntimeException: Not enough arguments (missing: "name"). in C:\wamp64\www\symfony_try\vendor\symfony\symfony\src\Symfony\Component\Console\Input\Input.php:83  @  CLI: bin/console doctrine:generate:entities  @@  exception--2016-10-09--19-40--1df4c22f8b.html
[2016-10-18 23-55-10] Symfony\Component\Config\Exception\FileLoaderLoadException: Case mismatch between class and real file names: AppBundle\Controller\Front\BlogController.php vs AppBundle\Controller\front\BlogController.php in C:\wamp64\www\symfony_try\src\ in C:\wamp64\www\symfony_try\src\AppBundle/Controller/Front/ (which is being imported from "C:\wamp64\www\symfony_try\app/config\routing.yml"). in C:\wamp64\www\symfony_try\vendor\symfony\symfony\src\Symfony\Component\Config\Loader\FileLoader.php:118 caused by RuntimeException: Case mismatch between class and real file names: AppBundle\Controller\Front\BlogController.php vs AppBundle\Controller\front\BlogController.php in C:\wamp64\www\symfony_try\src\ in C:\wamp64\www\symfony_try\vendor\symfony\symfony\src\Symfony\Component\Debug\DebugClassLoader.php:307  @  CLI: bin/console cache:clear  @@  exception--2016-10-18--23-55--a634157076.html
[2016-10-18 23-55-39] Symfony\Component\Config\Exception\FileLoaderLoadException: Case mismatch between class and real file names: AppBundle\Controller\Front\BlogController.php vs AppBundle\Controller\front\BlogController.php in C:\wamp64\www\symfony_try\src\ in C:\wamp64\www\symfony_try\src\AppBundle/Controller/Front/ (which is being imported from "C:\wamp64\www\symfony_try\app/config\routing.yml"). in C:\wamp64\www\symfony_try\vendor\symfony\symfony\src\Symfony\Component\Config\Loader\FileLoader.php:118 caused by RuntimeException: Case mismatch between class and real file names: AppBundle\Controller\Front\BlogController.php vs AppBundle\Controller\front\BlogController.php in C:\wamp64\www\symfony_try\src\ in C:\wamp64\www\symfony_try\vendor\symfony\symfony\src\Symfony\Component\Debug\DebugClassLoader.php:307  @  CLI: bin/console cache:clear -e dev  @@  exception--2016-10-18--23-55--a634157076.html
[2016-10-18 23-56-35] Symfony\Component\Config\Exception\FileLoaderLoadException: Case mismatch between class and real file names: AppBundle\Controller\Front\BlogController.php vs AppBundle\Controller\front\BlogController.php in C:\wamp64\www\symfony_try\src\ in C:\wamp64\www\symfony_try\src\AppBundle/Controller/Front/ (which is being imported from "C:\wamp64\www\symfony_try\app/config\routing.yml"). in C:\wamp64\www\symfony_try\vendor\symfony\symfony\src\Symfony\Component\Config\Loader\FileLoader.php:118 caused by RuntimeException: Case mismatch between class and real file names: AppBundle\Controller\Front\BlogController.php vs AppBundle\Controller\front\BlogController.php in C:\wamp64\www\symfony_try\src\ in C:\wamp64\www\symfony_try\vendor\symfony\symfony\src\Symfony\Component\Debug\DebugClassLoader.php:307  @  CLI: bin/console cache:clear -e dev  @@  exception--2016-10-18--23-55--a634157076.html
[2016-10-18 23-56-47] Symfony\Component\Config\Exception\FileLoaderLoadException: Case mismatch between class and real file names: AppBundle\Controller\Front\BlogController.php vs AppBundle\Controller\front\BlogController.php in C:\wamp64\www\symfony_try\src\ in C:\wamp64\www\symfony_try\src\AppBundle/Controller/Front/ (which is being imported from "C:\wamp64\www\symfony_try\app/config\routing.yml"). in C:\wamp64\www\symfony_try\vendor\symfony\symfony\src\Symfony\Component\Config\Loader\FileLoader.php:118 caused by RuntimeException: Case mismatch between class and real file names: AppBundle\Controller\Front\BlogController.php vs AppBundle\Controller\front\BlogController.php in C:\wamp64\www\symfony_try\src\ in C:\wamp64\www\symfony_try\vendor\symfony\symfony\src\Symfony\Component\Debug\DebugClassLoader.php:307  @  CLI: bin/console cache:clear  @@  exception--2016-10-18--23-55--a634157076.html
[2016-10-19 20-04-34] RuntimeException: Namespace "'AppBundle\Entity'" does not contain any mapped entities. in C:\wamp64\www\symfony_try\vendor\doctrine\doctrine-bundle\Mapping\DisconnectedMetadataFactory.php:103  @  CLI: bin/console doctrine:generate:entities 'AppBundle\Entity'  @@  exception--2016-10-19--20-04--cef3be503f.html
[2016-10-19 21-00-22] Symfony\Component\Console\Exception\RuntimeException: Not enough arguments (missing: "name"). in C:\wamp64\www\symfony_try\vendor\symfony\symfony\src\Symfony\Component\Console\Input\Input.php:83  @  CLI: bin/console doctrine:generate:entities  @@  exception--2016-10-09--19-40--1df4c22f8b.html
[2016-10-25 23-57-36] Symfony\Component\Console\Exception\RuntimeException: Not enough arguments (missing: "name"). in C:\wamp64\www\symfony_try\vendor\symfony\symfony\src\Symfony\Component\Console\Input\Input.php:83  @  CLI: bin/console doctrine:generate:entities  @@  exception--2016-10-09--19-40--1df4c22f8b.html
[2016-10-25 23-57-51] RuntimeException: Namespace "APPBundle\Entity" does not contain any mapped entities. in C:\wamp64\www\symfony_try\vendor\doctrine\doctrine-bundle\Mapping\DisconnectedMetadataFactory.php:103  @  CLI: bin/console doctrine:generate:entities APPBundle\Entity  @@  exception--2016-10-25--23-57--c541a1fb29.html
[2016-10-25 23-58-06] RuntimeException: Namespace "APBundle\Entity" does not contain any mapped entities. in C:\wamp64\www\symfony_try\vendor\doctrine\doctrine-bundle\Mapping\DisconnectedMetadataFactory.php:103  @  CLI: bin/console doctrine:generate:entities APBundle\Entity  @@  exception--2016-10-25--23-58--bd281fe470.html
[2016-11-06 18-51-49] RuntimeException: Namespace "AppBundle\Model\Entity" does not contain any mapped entities. in C:\wamp64\www\symfony_try\vendor\doctrine\doctrine-bundle\Mapping\DisconnectedMetadataFactory.php:103  @  CLI: bin/console doctrine:generate:entities AppBundle\Model\Entity  @@  exception--2016-10-09--19-43--e7e4d744e1.html
[2016-11-06 22-01-55] Doctrine\DBAL\Exception\DriverException: An exception occurred while executing 'ALTER TABLE rubrics CHANGE parent parent INT DEFAULT NULL': SQLSTATE[HY000]: General error: 1366 Incorrect integer value: 'N;' for column 'parent' at row 1 in C:\wamp64\www\symfony_try\vendor\doctrine\dbal\lib\Doctrine\DBAL\Driver\AbstractMySQLDriver.php:115 caused by Doctrine\DBAL\Driver\PDOException: SQLSTATE[HY000]: General error: 1366 Incorrect integer value: 'N;' for column 'parent' at row 1 in C:\wamp64\www\symfony_try\vendor\doctrine\dbal\lib\Doctrine\DBAL\Driver\PDOConnection.php:106 caused by PDOException: SQLSTATE[HY000]: General error: 1366 Incorrect integer value: 'N;' for column 'parent' at row 1 in C:\wamp64\www\symfony_try\vendor\doctrine\dbal\lib\Doctrine\DBAL\Driver\PDOConnection.php:104  @  CLI: bin/console doctrine:schema:update --force  @@  exception--2016-11-06--22-01--c00111f4c0.html
[2016-11-10 23-06-42] Symfony\Component\Console\Exception\RuntimeException: Not enough arguments (missing: "name"). in C:\wamp64\www\symfony_try\vendor\symfony\symfony\src\Symfony\Component\Console\Input\Input.php:83  @  CLI: bin/console doctrine:generate:entities  @@  exception--2016-10-09--19-40--1df4c22f8b.html
